<?xml version="1.0" encoding="UTF-8"?>
<!-- Generated by org.testng.reporters.JUnitReportReporter -->
<testsuite hostname="ISTHYDPC03" failures="0" tests="1" name="testng.Remo" time="0.003" errors="0" timestamp="2023-07-03T23:26:12 IST" skipped="0">
  <testcase classname="testng.Remo" name="bun" time="0.003"/>
  <system-out>
    <![CDATA[remo class]]>
  </system-out>
</testsuite> <!-- testng.Remo -->
