<?xml version="1.0" encoding="UTF-8"?>
<!-- Generated by org.testng.reporters.JUnitReportReporter -->
<testsuite hostname="ISTHYDPC03" failures="0" tests="3" name="testng.TestNgFlags" time="0.019" errors="0" timestamp="2023-07-04T16:13:26 IST" skipped="1">
  <testcase classname="testng.TestNgFlags" name="run" time="0.017"/>
  <system-out>
    <![CDATA[sumo class]]>
  </system-out>
  <testcase classname="testng.TestNgFlags" name="gun" time="0.002"/>
  <system-out>
    <![CDATA[demo class]]>
  </system-out>
  <testcase classname="testng.TestNgFlags" name="bun">
    <skipped/>
  </testcase> <!-- bun -->
  <system-out/>
</testsuite> <!-- testng.TestNgFlags -->
