<?xml version="1.0" encoding="UTF-8"?>
<!-- Generated by org.testng.reporters.JUnitReportReporter -->
<testsuite hostname="ISTHYDPC03" failures="0" tests="1" name="practise.Demo" time="0.015" errors="0" timestamp="2023-07-03T22:51:19 IST" skipped="0">
  <testcase classname="practise.Demo" name="run" time="0.015"/>
  <system-out>
    <![CDATA[tEst print]]>
  </system-out>
</testsuite> <!-- practise.Demo -->
