<?xml version="1.0" encoding="UTF-8"?>
<!-- Generated by org.testng.reporters.JUnitReportReporter -->
<testsuite hostname="ISTHYDPC03" failures="0" tests="1" name="testng.Demo" time="0.021" errors="0" timestamp="2023-07-03T23:26:12 IST" skipped="0">
  <testcase classname="testng.Demo" name="run" time="0.021"/>
  <system-out>
    <![CDATA[sumo class]]>
  </system-out>
</testsuite> <!-- testng.Demo -->
